Using pre-set license
Built from '2022.3/staging' branch; Version is '2022.3.4f1 (35713cd46cd7) revision 3502396'; Using compiler version '192829333'; Build Type 'Release'
OS: 'Windows 10  (10.0.19045) 64bit Professional' Language: 'tr' Physical Memory: 32679 MB
BatchMode: 1, IsHumanControllingUs: 0, StartBugReporterOnCrash: 0, Is64bit: 1, IsPro: 1

COMMAND LINE ARGUMENTS:
C:\Program Files\Unity\Hub\Editor\2022.3.4f1\Editor\Unity.exe
-adb2
-batchMode
-noUpm
-name
AssetImportWorker3
-projectPath
C:/Users/Gorkem/Documents/GitHub/Erdem/player-controller
-logFile
Logs/AssetImportWorker3.log
-srvPort
61381
Successfully changed project path to: C:/Users/Gorkem/Documents/GitHub/Erdem/player-controller
C:/Users/Gorkem/Documents/GitHub/Erdem/player-controller
[UnityMemory] Configuration Parameters - Can be set up in boot.config
    "memorysetup-bucket-allocator-granularity=16"
    "memorysetup-bucket-allocator-bucket-count=8"
    "memorysetup-bucket-allocator-block-size=33554432"
    "memorysetup-bucket-allocator-block-count=8"
    "memorysetup-main-allocator-block-size=16777216"
    "memorysetup-thread-allocator-block-size=16777216"
    "memorysetup-gfx-main-allocator-block-size=16777216"
    "memorysetup-gfx-thread-allocator-block-size=16777216"
    "memorysetup-cache-allocator-block-size=4194304"
    "memorysetup-typetree-allocator-block-size=2097152"
    "memorysetup-profiler-bucket-allocator-granularity=16"
    "memorysetup-profiler-bucket-allocator-bucket-count=8"
    "memorysetup-profiler-bucket-allocator-block-size=33554432"
    "memorysetup-profiler-bucket-allocator-block-count=8"
    "memorysetup-profiler-allocator-block-size=16777216"
    "memorysetup-profiler-editor-allocator-block-size=1048576"
    "memorysetup-temp-allocator-size-main=16777216"
    "memorysetup-job-temp-allocator-block-size=2097152"
    "memorysetup-job-temp-allocator-block-size-background=1048576"
    "memorysetup-job-temp-allocator-reduction-small-platforms=262144"
    "memorysetup-allocator-temp-initial-block-size-main=262144"
    "memorysetup-allocator-temp-initial-block-size-worker=262144"
    "memorysetup-temp-allocator-size-background-worker=32768"
    "memorysetup-temp-allocator-size-job-worker=262144"
    "memorysetup-temp-allocator-size-preload-manager=33554432"
    "memorysetup-temp-allocator-size-nav-mesh-worker=65536"
    "memorysetup-temp-allocator-size-audio-worker=65536"
    "memorysetup-temp-allocator-size-cloud-worker=32768"
    "memorysetup-temp-allocator-size-gi-baking-worker=262144"
    "memorysetup-temp-allocator-size-gfx=262144"
Player connection [10224] Host "[IP] 192.168.1.34 [Port] 0 [Flags] 2 [Guid] 1637983871 [EditorId] 1637983871 [Version] 1048832 [Id] WindowsEditor(7,DESKTOP-BTF5PK5) [Debug] 1 [PackageName] WindowsEditor [ProjectName] Editor" joined multi-casting on [225.0.0.222:54997]...

Player connection [10224] Host "[IP] 192.168.1.34 [Port] 0 [Flags] 2 [Guid] 1637983871 [EditorId] 1637983871 [Version] 1048832 [Id] WindowsEditor(7,DESKTOP-BTF5PK5) [Debug] 1 [PackageName] WindowsEditor [ProjectName] Editor" joined alternative multi-casting on [225.0.0.222:34997]...

Refreshing native plugins compatible for Editor in 11.26 ms, found 3 plugins.
Preloading 0 native plugins for Editor in 0.00 ms.
Initialize engine version: 2022.3.4f1 (35713cd46cd7)
[Subsystems] Discovering subsystems at path C:/Program Files/Unity/Hub/Editor/2022.3.4f1/Editor/Data/Resources/UnitySubsystems
[Subsystems] Discovering subsystems at path C:/Users/Gorkem/Documents/GitHub/Erdem/player-controller/Assets
GfxDevice: creating device client; threaded=0; jobified=0
Direct3D:
    Version:  Direct3D 11.0 [level 11.1]
    Renderer: NVIDIA GeForce RTX 2060 (ID=0x1f08)
    Vendor:   NVIDIA
    VRAM:     5968 MB
    Driver:   31.0.15.3713
Initialize mono
Mono path[0] = 'C:/Program Files/Unity/Hub/Editor/2022.3.4f1/Editor/Data/Managed'
Mono path[1] = 'C:/Program Files/Unity/Hub/Editor/2022.3.4f1/Editor/Data/MonoBleedingEdge/lib/mono/unityjit-win32'
Mono config path = 'C:/Program Files/Unity/Hub/Editor/2022.3.4f1/Editor/Data/MonoBleedingEdge/etc'
Using monoOptions --debugger-agent=transport=dt_socket,embedding=1,server=y,suspend=n,address=127.0.0.1:56404
Begin MonoManager ReloadAssembly
Registering precompiled unity dll's ...
Register platform support module: C:/Program Files/Unity/Hub/Editor/2022.3.4f1/Editor/Data/PlaybackEngines/WindowsStandaloneSupport/UnityEditor.WindowsStandalone.Extensions.dll
Registered in 0.015139 seconds.
- Loaded All Assemblies, in  0.403 seconds
Native extension for WindowsStandalone target not found
Mono: successfully reloaded assembly
- Finished resetting the current domain, in  0.327 seconds
Domain Reload Profiling: 727ms
	BeginReloadAssembly (107ms)
		ExecutionOrderSort (0ms)
		DisableScriptedObjects (0ms)
		BackupInstance (0ms)
		ReleaseScriptingObjects (0ms)
		CreateAndSetChildDomain (1ms)
	RebuildCommonClasses (41ms)
	RebuildNativeTypeToScriptingClass (15ms)
	initialDomainReloadingComplete (84ms)
	LoadAllAssembliesAndSetupDomain (152ms)
		LoadAssemblies (104ms)
		RebuildTransferFunctionScriptingTraits (0ms)
		AnalyzeDomain (144ms)
			TypeCache.Refresh (143ms)
				TypeCache.ScanAssembly (130ms)
			ScanForSourceGeneratedMonoScriptInfo (0ms)
			ResolveRequiredComponents (1ms)
	FinalizeReload (327ms)
		ReleaseScriptCaches (0ms)
		RebuildScriptCaches (0ms)
		SetupLoadedEditorAssemblies (259ms)
			LogAssemblyErrors (0ms)
			InitializePlatformSupportModulesInManaged (12ms)
			SetLoadedEditorAssemblies (9ms)
			RefreshPlugins (0ms)
			BeforeProcessingInitializeOnLoad (3ms)
			ProcessInitializeOnLoadAttributes (172ms)
			ProcessInitializeOnLoadMethodAttributes (64ms)
			AfterProcessingInitializeOnLoad (0ms)
			EditorAssembliesLoaded (0ms)
		ExecutionOrderSort2 (0ms)
		AwakeInstancesAfterBackupRestoration (0ms)
========================================================================
Worker process is ready to serve import requests
Begin MonoManager ReloadAssembly
Symbol file LoadedFromMemory doesn't match image C:\Users\Gorkem\Documents\GitHub\Erdem\player-controller\Library\PackageCache\com.unity.visualscripting@1.8.0\Editor\VisualScripting.Core\Dependencies\YamlDotNet\Unity.VisualScripting.YamlDotNet.dll
Symbol file LoadedFromMemory doesn't match image C:\Users\Gorkem\Documents\GitHub\Erdem\player-controller\Library\PackageCache\com.unity.visualscripting@1.8.0\Editor\VisualScripting.Core\Dependencies\DotNetZip\Unity.VisualScripting.IonicZip.dll
- Loaded All Assemblies, in  0.881 seconds
Refreshing native plugins compatible for Editor in 4.80 ms, found 3 plugins.
Native extension for WindowsStandalone target not found
Mono: successfully reloaded assembly
- Finished resetting the current domain, in  0.593 seconds
Domain Reload Profiling: 1470ms
	BeginReloadAssembly (169ms)
		ExecutionOrderSort (0ms)
		DisableScriptedObjects (7ms)
		BackupInstance (0ms)
		ReleaseScriptingObjects (0ms)
		CreateAndSetChildDomain (24ms)
	RebuildCommonClasses (41ms)
	RebuildNativeTypeToScriptingClass (16ms)
	initialDomainReloadingComplete (53ms)
	LoadAllAssembliesAndSetupDomain (598ms)
		LoadAssemblies (305ms)
		RebuildTransferFunctionScriptingTraits (0ms)
		AnalyzeDomain (367ms)
			TypeCache.Refresh (348ms)
				TypeCache.ScanAssembly (335ms)
			ScanForSourceGeneratedMonoScriptInfo (15ms)
			ResolveRequiredComponents (4ms)
	FinalizeReload (593ms)
		ReleaseScriptCaches (0ms)
		RebuildScriptCaches (0ms)
		SetupLoadedEditorAssemblies (415ms)
			LogAssemblyErrors (0ms)
			InitializePlatformSupportModulesInManaged (8ms)
			SetLoadedEditorAssemblies (4ms)
			RefreshPlugins (0ms)
			BeforeProcessingInitializeOnLoad (74ms)
			ProcessInitializeOnLoadAttributes (294ms)
			ProcessInitializeOnLoadMethodAttributes (22ms)
			AfterProcessingInitializeOnLoad (13ms)
			EditorAssembliesLoaded (0ms)
		ExecutionOrderSort2 (0ms)
		AwakeInstancesAfterBackupRestoration (7ms)
Launched and connected shader compiler UnityShaderCompiler.exe after 0.05 seconds
Refreshing native plugins compatible for Editor in 4.47 ms, found 3 plugins.
Preloading 0 native plugins for Editor in 0.00 ms.
Unloading 3066 Unused Serialized files (Serialized files now loaded: 0)
Unloading 31 unused Assets / (56.2 KB). Loaded Objects now: 3531.
Memory consumption went from 116.1 MB to 116.0 MB.
Total: 3.319000 ms (FindLiveObjects: 0.245500 ms CreateObjectMapping: 0.081900 ms MarkObjects: 2.890400 ms  DeleteObjects: 0.100200 ms)

AssetImportParameters requested are different than current active one (requested -> active):
  custom:container-demuxer-ogg: 62fdf1f143b41e24485cea50d1cbac27 -> 
  custom:video-decoder-ogg-theora: a1e56fd34408186e4bbccfd4996cb3dc -> 
  custom:framework-win-MediaFoundation: 216162199b28c13a410421893ffa2e32 -> 
  custom:CustomObjectIndexerAttribute: 756ad292c208cfabdd7b50bc23989ffe -> 
  custom:container-demuxer-webm: 4f35f7cbe854078d1ac9338744f61a02 -> 
  custom:container-muxer-webm: aa71ff27fc2769a1b78a27578f13a17b -> 
  custom:video-decoder-webm-vp8: 9c59270c3fd7afecdb556c50c9e8de78 -> 
  custom:AudioImporter_EditorPlatform: d09bf68614088b80899f8185d706f6e7 -> 
  custom:video-encoder-webm-vp8: eb34c28f22e8b96e1ab97ce403110664 -> 
  custom:audio-decoder-ogg-vorbis: bf7c407c2cedff20999df2af8eb42d56 -> 
  custom:audio-encoder-webm-vorbis: bf7c407c2cedff20999df2af8eb42d56 -> 
========================================================================
Received Import Request.
  Time since last request: 71841.839264 seconds.
  path: Assets/Toon_Soldiers/ToonSoldiers_2/models/Materials/ToonSoldiers_weapons.mat
  artifactKey: Guid(c41ddf3f6d84a054d815ae5c9e99ad27) Importer(815301076,1909f56bfc062723c751e8b465ee728b)
Start importing Assets/Toon_Soldiers/ToonSoldiers_2/models/Materials/ToonSoldiers_weapons.mat using Guid(c41ddf3f6d84a054d815ae5c9e99ad27) Importer(815301076,1909f56bfc062723c751e8b465ee728b)  -> (artifact id: '6c8d44414845232f6a1f277ec92b7572') in 0.130470 seconds
Number of updated asset objects reloaded before import = 0
Number of asset objects unloaded after import = 2
========================================================================
Received Import Request.
  Time since last request: 1.156729 seconds.
  path: Assets/Toon_Soldiers/ToonSoldiers_2/models/weapons/weapon_crossbow.FBX
  artifactKey: Guid(3ff234ce9f4f84b4c813f2149bcc5af8) Importer(815301076,1909f56bfc062723c751e8b465ee728b)
Start importing Assets/Toon_Soldiers/ToonSoldiers_2/models/weapons/weapon_crossbow.FBX using Guid(3ff234ce9f4f84b4c813f2149bcc5af8) Importer(815301076,1909f56bfc062723c751e8b465ee728b)  -> (artifact id: 'a0ce9ed194ae7f0e73b40f786c8b44e7') in 0.082891 seconds
Number of updated asset objects reloaded before import = 0
Number of asset objects unloaded after import = 9
========================================================================
Received Import Request.
  Time since last request: 0.000028 seconds.
  path: Assets/Toon_Soldiers/ToonSoldiers_2/models/weapons/weapon_submachinegun.FBX
  artifactKey: Guid(a59670924a782844eba004b28831683c) Importer(815301076,1909f56bfc062723c751e8b465ee728b)
Start importing Assets/Toon_Soldiers/ToonSoldiers_2/models/weapons/weapon_submachinegun.FBX using Guid(a59670924a782844eba004b28831683c) Importer(815301076,1909f56bfc062723c751e8b465ee728b)  -> (artifact id: '9c5124e2305c28d2a38fb371aa4db396') in 0.026721 seconds
Number of updated asset objects reloaded before import = 0
Number of asset objects unloaded after import = 9
========================================================================
Received Import Request.
  Time since last request: 0.000030 seconds.
  path: Assets/Toon_Soldiers/ToonSoldiers_2/models/weapons/weapon_sniper_rifle.FBX
  artifactKey: Guid(f4a2aeae66e02574fba4d5ad81cafdf1) Importer(815301076,1909f56bfc062723c751e8b465ee728b)
Start importing Assets/Toon_Soldiers/ToonSoldiers_2/models/weapons/weapon_sniper_rifle.FBX using Guid(f4a2aeae66e02574fba4d5ad81cafdf1) Importer(815301076,1909f56bfc062723c751e8b465ee728b)  -> (artifact id: '9d415d9c1577c1a13cd1dae801d5195e') in 0.029129 seconds
Number of updated asset objects reloaded before import = 0
Number of asset objects unloaded after import = 9
========================================================================
Received Import Request.
  Time since last request: 0.000020 seconds.
  path: Assets/Toon_Soldiers/ToonSoldiers_2/models/weapons/weapon_knife.FBX
  artifactKey: Guid(75061fe987d18a84b8bd0305c9330545) Importer(815301076,1909f56bfc062723c751e8b465ee728b)
Start importing Assets/Toon_Soldiers/ToonSoldiers_2/models/weapons/weapon_knife.FBX using Guid(75061fe987d18a84b8bd0305c9330545) Importer(815301076,1909f56bfc062723c751e8b465ee728b)  -> (artifact id: 'cdc9da20dc532d2c1fef9661ae7cc65b') in 0.026356 seconds
Number of updated asset objects reloaded before import = 0
Number of asset objects unloaded after import = 9
========================================================================
Received Import Request.
  Time since last request: 0.000021 seconds.
  path: Assets/Toon_Soldiers/ToonSoldiers_2/models/weapons/weapon_needle_gun.FBX
  artifactKey: Guid(3bc96c8603d4eb54ebf729d54c38063b) Importer(815301076,1909f56bfc062723c751e8b465ee728b)
Start importing Assets/Toon_Soldiers/ToonSoldiers_2/models/weapons/weapon_needle_gun.FBX using Guid(3bc96c8603d4eb54ebf729d54c38063b) Importer(815301076,1909f56bfc062723c751e8b465ee728b)  -> (artifact id: '9461a8b9b08ec955a6332297c53c940d') in 0.025540 seconds
Number of updated asset objects reloaded before import = 0
Number of asset objects unloaded after import = 9
========================================================================
Received Import Request.
  Time since last request: 3.911305 seconds.
  path: Assets/Toon_Soldiers/ToonSoldiers_2/animation/Handgun/handgun_combat_reload.FBX
  artifactKey: Guid(e77f4ee8d24674a4bb659b470d5939a4) Importer(815301076,1909f56bfc062723c751e8b465ee728b)
Start importing Assets/Toon_Soldiers/ToonSoldiers_2/animation/Handgun/handgun_combat_reload.FBX using Guid(e77f4ee8d24674a4bb659b470d5939a4) Importer(815301076,1909f56bfc062723c751e8b465ee728b)  -> (artifact id: '888f3fd0704188ea2787d90b7b02cbdd') in 0.004494 seconds
Number of updated asset objects reloaded before import = 0
Number of asset objects unloaded after import = 49
========================================================================
Received Import Request.
  Time since last request: 0.000013 seconds.
  path: Assets/Toon_Soldiers/ToonSoldiers_2/animation/Handgun/handgun_death_C.FBX
  artifactKey: Guid(d7583335a6287e547afc1f3d264ce9cf) Importer(815301076,1909f56bfc062723c751e8b465ee728b)
Start importing Assets/Toon_Soldiers/ToonSoldiers_2/animation/Handgun/handgun_death_C.FBX using Guid(d7583335a6287e547afc1f3d264ce9cf) Importer(815301076,1909f56bfc062723c751e8b465ee728b)  -> (artifact id: 'b33e3207332fcbfb373aa73c0f194c9d') in 0.004209 seconds
Number of updated asset objects reloaded before import = 0
Number of asset objects unloaded after import = 49
========================================================================
Received Import Request.
  Time since last request: 0.000015 seconds.
  path: Assets/Toon_Soldiers/ToonSoldiers_2/animation/Handgun/handgun_throw_grenade.FBX
  artifactKey: Guid(5d963d18496c0b34e856fd40baabb89e) Importer(815301076,1909f56bfc062723c751e8b465ee728b)
Start importing Assets/Toon_Soldiers/ToonSoldiers_2/animation/Handgun/handgun_throw_grenade.FBX using Guid(5d963d18496c0b34e856fd40baabb89e) Importer(815301076,1909f56bfc062723c751e8b465ee728b)  -> (artifact id: '23d91362f58cae4f7aee9302dee0d480') in 0.005534 seconds
Number of updated asset objects reloaded before import = 0
Number of asset objects unloaded after import = 49
========================================================================
Received Import Request.
  Time since last request: 0.000019 seconds.
  path: Assets/Toon_Soldiers/ToonSoldiers_2/animation/Handgun/handgun_death_E.FBX
  artifactKey: Guid(4404c374a950ef546835eb97b753fc5f) Importer(815301076,1909f56bfc062723c751e8b465ee728b)
Start importing Assets/Toon_Soldiers/ToonSoldiers_2/animation/Handgun/handgun_death_E.FBX using Guid(4404c374a950ef546835eb97b753fc5f) Importer(815301076,1909f56bfc062723c751e8b465ee728b)  -> (artifact id: '819e231e8de6c24d5e8f70d437344534') in 0.006021 seconds
Number of updated asset objects reloaded before import = 0
Number of asset objects unloaded after import = 49
========================================================================
Received Import Request.
  Time since last request: 2.746809 seconds.
  path: Assets/Toon_Soldiers/ToonSoldiers_2/animation/Heavy/heavy_combat_reload.FBX
  artifactKey: Guid(de6f782cb998f3d41a9e756ef3aad689) Importer(815301076,1909f56bfc062723c751e8b465ee728b)
Start importing Assets/Toon_Soldiers/ToonSoldiers_2/animation/Heavy/heavy_combat_reload.FBX using Guid(de6f782cb998f3d41a9e756ef3aad689) Importer(815301076,1909f56bfc062723c751e8b465ee728b)  -> (artifact id: 'd1bb1001043383abf30cd5cf451652ae') in 0.005132 seconds
Number of updated asset objects reloaded before import = 0
Number of asset objects unloaded after import = 49
========================================================================
Received Import Request.
  Time since last request: 0.000016 seconds.
  path: Assets/Toon_Soldiers/ToonSoldiers_2/animation/Heavy/heavy_death_D.FBX
  artifactKey: Guid(6f428385bcf7ca04da1bf6cd03473bfa) Importer(815301076,1909f56bfc062723c751e8b465ee728b)
Start importing Assets/Toon_Soldiers/ToonSoldiers_2/animation/Heavy/heavy_death_D.FBX using Guid(6f428385bcf7ca04da1bf6cd03473bfa) Importer(815301076,1909f56bfc062723c751e8b465ee728b)  -> (artifact id: '5df42250986f68f4ba6f8f66ff25cd78') in 0.006738 seconds
Number of updated asset objects reloaded before import = 0
Number of asset objects unloaded after import = 49
========================================================================
Received Import Request.
  Time since last request: 0.000020 seconds.
  path: Assets/Toon_Soldiers/ToonSoldiers_2/animation/Heavy/heavy_combat_shoot_burst.FBX
  artifactKey: Guid(bef763a9da5ad934bafb908fb258622d) Importer(815301076,1909f56bfc062723c751e8b465ee728b)
Start importing Assets/Toon_Soldiers/ToonSoldiers_2/animation/Heavy/heavy_combat_shoot_burst.FBX using Guid(bef763a9da5ad934bafb908fb258622d) Importer(815301076,1909f56bfc062723c751e8b465ee728b)  -> (artifact id: '262295915f97544bd6e03b250caf5ff8') in 0.004799 seconds
Number of updated asset objects reloaded before import = 0
Number of asset objects unloaded after import = 49
========================================================================
Received Import Request.
  Time since last request: 0.000023 seconds.
  path: Assets/Toon_Soldiers/ToonSoldiers_2/animation/Heavy/heavy_combat_shoot.FBX
  artifactKey: Guid(e829126bc8b38b947a3c2996b2001db2) Importer(815301076,1909f56bfc062723c751e8b465ee728b)
Start importing Assets/Toon_Soldiers/ToonSoldiers_2/animation/Heavy/heavy_combat_shoot.FBX using Guid(e829126bc8b38b947a3c2996b2001db2) Importer(815301076,1909f56bfc062723c751e8b465ee728b)  -> (artifact id: '39439b4775b25e94e108756d4f025296') in 0.003763 seconds
Number of updated asset objects reloaded before import = 0
Number of asset objects unloaded after import = 49
========================================================================
Received Import Request.
  Time since last request: 0.000017 seconds.
  path: Assets/Toon_Soldiers/ToonSoldiers_2/animation/Heavy/heavy_death_E.FBX
  artifactKey: Guid(e0ba8a4ce854b8147a16b48603755bcf) Importer(815301076,1909f56bfc062723c751e8b465ee728b)
Start importing Assets/Toon_Soldiers/ToonSoldiers_2/animation/Heavy/heavy_death_E.FBX using Guid(e0ba8a4ce854b8147a16b48603755bcf) Importer(815301076,1909f56bfc062723c751e8b465ee728b)  -> (artifact id: 'ea6cfd37f096d320e6f21fb392efdc96') in 0.004719 seconds
Number of updated asset objects reloaded before import = 0
Number of asset objects unloaded after import = 49
========================================================================
Received Import Request.
  Time since last request: 0.000014 seconds.
  path: Assets/Toon_Soldiers/ToonSoldiers_2/animation/Heavy/heavy_combat_shoot_loop.FBX
  artifactKey: Guid(893f7b8488dd63c4db1fac30847df9c0) Importer(815301076,1909f56bfc062723c751e8b465ee728b)
Start importing Assets/Toon_Soldiers/ToonSoldiers_2/animation/Heavy/heavy_combat_shoot_loop.FBX using Guid(893f7b8488dd63c4db1fac30847df9c0) Importer(815301076,1909f56bfc062723c751e8b465ee728b)  -> (artifact id: '8d7ca5eda8ed9fd279052870a2b67f7a') in 0.003675 seconds
Number of updated asset objects reloaded before import = 0
Number of asset objects unloaded after import = 49
========================================================================
Received Import Request.
  Time since last request: 8.513908 seconds.
  path: Assets/Toon_Soldiers/ToonSoldiers_2/animation/Handgun/movement/handgun_combat_run_back.FBX
  artifactKey: Guid(69c183cbc4545454489c9b2082423f6c) Importer(815301076,1909f56bfc062723c751e8b465ee728b)
Start importing Assets/Toon_Soldiers/ToonSoldiers_2/animation/Handgun/movement/handgun_combat_run_back.FBX using Guid(69c183cbc4545454489c9b2082423f6c) Importer(815301076,1909f56bfc062723c751e8b465ee728b)  -> (artifact id: '015ce2b834538ecc34371b1ba1e7893f') in 0.003710 seconds
Number of updated asset objects reloaded before import = 0
Number of asset objects unloaded after import = 49
========================================================================
Received Import Request.
  Time since last request: 0.000013 seconds.
  path: Assets/Toon_Soldiers/ToonSoldiers_2/animation/Handgun/movement/handgun_combat_walk_back.FBX
  artifactKey: Guid(a6a7423655a2de048b3910eb7a83c626) Importer(815301076,1909f56bfc062723c751e8b465ee728b)
Start importing Assets/Toon_Soldiers/ToonSoldiers_2/animation/Handgun/movement/handgun_combat_walk_back.FBX using Guid(a6a7423655a2de048b3910eb7a83c626) Importer(815301076,1909f56bfc062723c751e8b465ee728b)  -> (artifact id: '75e3b7501dd5ea9bb20bf3deb4474ffb') in 0.003992 seconds
Number of updated asset objects reloaded before import = 0
Number of asset objects unloaded after import = 49
========================================================================
Received Import Request.
  Time since last request: 0.000019 seconds.
  path: Assets/Toon_Soldiers/ToonSoldiers_2/animation/Handgun/movement/handgun_ladder_climb_down.FBX
  artifactKey: Guid(f9e294b3c811f97478b9b2a47596ef9a) Importer(815301076,1909f56bfc062723c751e8b465ee728b)
Start importing Assets/Toon_Soldiers/ToonSoldiers_2/animation/Handgun/movement/handgun_ladder_climb_down.FBX using Guid(f9e294b3c811f97478b9b2a47596ef9a) Importer(815301076,1909f56bfc062723c751e8b465ee728b)  -> (artifact id: '13e03e7e1191afd769eccc3098da47a8') in 0.006989 seconds
Number of updated asset objects reloaded before import = 0
Number of asset objects unloaded after import = 49
========================================================================
Received Import Request.
  Time since last request: 0.000018 seconds.
  path: Assets/Toon_Soldiers/ToonSoldiers_2/animation/Handgun/movement/handgun_ladder_climb_up.FBX
  artifactKey: Guid(2f7f9bac6be0a414b8f8e37a10fdd3ba) Importer(815301076,1909f56bfc062723c751e8b465ee728b)
Start importing Assets/Toon_Soldiers/ToonSoldiers_2/animation/Handgun/movement/handgun_ladder_climb_up.FBX using Guid(2f7f9bac6be0a414b8f8e37a10fdd3ba) Importer(815301076,1909f56bfc062723c751e8b465ee728b)  -> (artifact id: 'bc889eb1b48aa64ab60ec791e752e0ff') in 0.005476 seconds
Number of updated asset objects reloaded before import = 0
Number of asset objects unloaded after import = 49
========================================================================
Received Import Request.
  Time since last request: 0.000013 seconds.
  path: Assets/Toon_Soldiers/ToonSoldiers_2/animation/Handgun/movement/handgun_jump_1_start.FBX
  artifactKey: Guid(a2bbfd63924cb54488fd015b913821b0) Importer(815301076,1909f56bfc062723c751e8b465ee728b)
Start importing Assets/Toon_Soldiers/ToonSoldiers_2/animation/Handgun/movement/handgun_jump_1_start.FBX using Guid(a2bbfd63924cb54488fd015b913821b0) Importer(815301076,1909f56bfc062723c751e8b465ee728b)  -> (artifact id: 'f8fc9c3c92399ca9d6d5f0772365d82a') in 0.003887 seconds
Number of updated asset objects reloaded before import = 0
Number of asset objects unloaded after import = 49
========================================================================
Received Import Request.
  Time since last request: 37.217938 seconds.
  path: Assets/Toon_Soldiers/ToonSoldiers_2/animation/Handgun/root_motion/handgun_RM_combat_run_back.FBX
  artifactKey: Guid(bd2774a3926ef3449a7e256fb31c02fc) Importer(815301076,1909f56bfc062723c751e8b465ee728b)
Start importing Assets/Toon_Soldiers/ToonSoldiers_2/animation/Handgun/root_motion/handgun_RM_combat_run_back.FBX using Guid(bd2774a3926ef3449a7e256fb31c02fc) Importer(815301076,1909f56bfc062723c751e8b465ee728b)  -> (artifact id: '34d8fbc7667b7d7235530acb0754d4b2') in 0.008839 seconds
Number of updated asset objects reloaded before import = 0
Number of asset objects unloaded after import = 49
========================================================================
Received Import Request.
  Time since last request: 0.000017 seconds.
  path: Assets/Toon_Soldiers/ToonSoldiers_2/animation/Handgun/root_motion/handgun_RM_guard_walk.FBX
  artifactKey: Guid(ddd331830dd0ce04db1d65b075ddce77) Importer(815301076,1909f56bfc062723c751e8b465ee728b)
Start importing Assets/Toon_Soldiers/ToonSoldiers_2/animation/Handgun/root_motion/handgun_RM_guard_walk.FBX using Guid(ddd331830dd0ce04db1d65b075ddce77) Importer(815301076,1909f56bfc062723c751e8b465ee728b)  -> (artifact id: '1ab2368931642347cdd97e9996874cf5') in 0.005126 seconds
Number of updated asset objects reloaded before import = 0
Number of asset objects unloaded after import = 49
========================================================================
Received Import Request.
  Time since last request: 0.000013 seconds.
  path: Assets/Toon_Soldiers/ToonSoldiers_2/animation/Handgun/root_motion/handgun_RM_combat_walk_right.FBX
  artifactKey: Guid(8086d6357d035fe438c48ae0162e304d) Importer(815301076,1909f56bfc062723c751e8b465ee728b)
Start importing Assets/Toon_Soldiers/ToonSoldiers_2/animation/Handgun/root_motion/handgun_RM_combat_walk_right.FBX using Guid(8086d6357d035fe438c48ae0162e304d) Importer(815301076,1909f56bfc062723c751e8b465ee728b)  -> (artifact id: 'bbd510bc0163372918656e545559a9ca') in 0.005703 seconds
Number of updated asset objects reloaded before import = 0
Number of asset objects unloaded after import = 49
========================================================================
Received Import Request.
  Time since last request: 0.000021 seconds.
  path: Assets/Toon_Soldiers/ToonSoldiers_2/animation/Handgun/root_motion/handgun_RM_prone_move.FBX
  artifactKey: Guid(2aafb05c8c2692649b68a8b3ee48b50b) Importer(815301076,1909f56bfc062723c751e8b465ee728b)
Start importing Assets/Toon_Soldiers/ToonSoldiers_2/animation/Handgun/root_motion/handgun_RM_prone_move.FBX using Guid(2aafb05c8c2692649b68a8b3ee48b50b) Importer(815301076,1909f56bfc062723c751e8b465ee728b)  -> (artifact id: 'e21834e39f5d693a422a8940b0492f53') in 0.005674 seconds
Number of updated asset objects reloaded before import = 0
Number of asset objects unloaded after import = 49
========================================================================
Received Import Request.
  Time since last request: 0.000017 seconds.
  path: Assets/Toon_Soldiers/ToonSoldiers_2/animation/Handgun/root_motion/handgun_RM_crouch_walk_back.FBX
  artifactKey: Guid(8f9cbb0c457cacf45ac8b7e0948228c0) Importer(815301076,1909f56bfc062723c751e8b465ee728b)
Start importing Assets/Toon_Soldiers/ToonSoldiers_2/animation/Handgun/root_motion/handgun_RM_crouch_walk_back.FBX using Guid(8f9cbb0c457cacf45ac8b7e0948228c0) Importer(815301076,1909f56bfc062723c751e8b465ee728b)  -> (artifact id: 'ef5c90d248cbd2995b32e7cddccd551e') in 0.004433 seconds
Number of updated asset objects reloaded before import = 0
Number of asset objects unloaded after import = 49
========================================================================
Received Import Request.
  Time since last request: 16.201882 seconds.
  path: Assets/Toon_Soldiers/ToonSoldiers_2/animation/Handgun/prone/handgun_prone_goto.FBX
  artifactKey: Guid(aab0abc42b5867747aee3f41bce55da0) Importer(815301076,1909f56bfc062723c751e8b465ee728b)
Start importing Assets/Toon_Soldiers/ToonSoldiers_2/animation/Handgun/prone/handgun_prone_goto.FBX using Guid(aab0abc42b5867747aee3f41bce55da0) Importer(815301076,1909f56bfc062723c751e8b465ee728b)  -> (artifact id: '76c38ad455e9f9cb29e19c5ba6b5a9a3') in 0.004870 seconds
Number of updated asset objects reloaded before import = 0
Number of asset objects unloaded after import = 49
========================================================================
Received Import Request.
  Time since last request: 0.000015 seconds.
  path: Assets/Toon_Soldiers/ToonSoldiers_2/animation/Handgun/prone/handgun_prone_reload.FBX
  artifactKey: Guid(fdb675dece10a3e4ba56828a8ea61012) Importer(815301076,1909f56bfc062723c751e8b465ee728b)
Start importing Assets/Toon_Soldiers/ToonSoldiers_2/animation/Handgun/prone/handgun_prone_reload.FBX using Guid(fdb675dece10a3e4ba56828a8ea61012) Importer(815301076,1909f56bfc062723c751e8b465ee728b)  -> (artifact id: 'ad24b057de510373284d6ca94c304d08') in 0.005017 seconds
Number of updated asset objects reloaded before import = 0
Number of asset objects unloaded after import = 49
========================================================================
Received Import Request.
  Time since last request: 0.000016 seconds.
  path: Assets/Toon_Soldiers/ToonSoldiers_2/animation/Handgun/prone/handgun_prone_take_damage.FBX
  artifactKey: Guid(1b985d15c9e44fe4ca7aa5fb9104c7cb) Importer(815301076,1909f56bfc062723c751e8b465ee728b)
Start importing Assets/Toon_Soldiers/ToonSoldiers_2/animation/Handgun/prone/handgun_prone_take_damage.FBX using Guid(1b985d15c9e44fe4ca7aa5fb9104c7cb) Importer(815301076,1909f56bfc062723c751e8b465ee728b)  -> (artifact id: 'abe0fc5574394f3817f86cc2e8ba12e1') in 0.004336 seconds
Number of updated asset objects reloaded before import = 0
Number of asset objects unloaded after import = 49
========================================================================
Received Import Request.
  Time since last request: 37.251356 seconds.
  path: Assets/Toon_Soldiers/ToonSoldiers_2/animation/Handgun/guard/handgun_guard_walk.FBX
  artifactKey: Guid(a56510c9caa07a14795dbca477204500) Importer(815301076,1909f56bfc062723c751e8b465ee728b)
Start importing Assets/Toon_Soldiers/ToonSoldiers_2/animation/Handgun/guard/handgun_guard_walk.FBX using Guid(a56510c9caa07a14795dbca477204500) Importer(815301076,1909f56bfc062723c751e8b465ee728b)  -> (artifact id: 'dc855e7da0e65b43b8a31ebaa44d6753') in 0.009988 seconds
Number of updated asset objects reloaded before import = 0
Number of asset objects unloaded after import = 49
========================================================================
Received Import Request.
  Time since last request: 16.493004 seconds.
  path: Assets/Toon_Soldiers/ToonSoldiers_2/animation/Machinegun/machinegun_combat_reload.FBX
  artifactKey: Guid(35296f3a83c6e9a40b1e5c3e92436336) Importer(815301076,1909f56bfc062723c751e8b465ee728b)
Start importing Assets/Toon_Soldiers/ToonSoldiers_2/animation/Machinegun/machinegun_combat_reload.FBX using Guid(35296f3a83c6e9a40b1e5c3e92436336) Importer(815301076,1909f56bfc062723c751e8b465ee728b)  -> (artifact id: 'fe5a31f49b080fc5020a8b8ccc80651e') in 0.004396 seconds
Number of updated asset objects reloaded before import = 0
Number of asset objects unloaded after import = 49
========================================================================
Received Import Request.
  Time since last request: 0.000013 seconds.
  path: Assets/Toon_Soldiers/ToonSoldiers_2/animation/Machinegun/machinegun_death_A.FBX
  artifactKey: Guid(935b2694b2f4d33459bfd9d4b328a857) Importer(815301076,1909f56bfc062723c751e8b465ee728b)
Start importing Assets/Toon_Soldiers/ToonSoldiers_2/animation/Machinegun/machinegun_death_A.FBX using Guid(935b2694b2f4d33459bfd9d4b328a857) Importer(815301076,1909f56bfc062723c751e8b465ee728b)  -> (artifact id: 'dbc1c8dc1fde036fb2e896781bbad0f6') in 0.004641 seconds
Number of updated asset objects reloaded before import = 0
Number of asset objects unloaded after import = 49
========================================================================
Received Import Request.
  Time since last request: 0.000024 seconds.
  path: Assets/Toon_Soldiers/ToonSoldiers_2/animation/Machinegun/machinegun_throw_grenade.FBX
  artifactKey: Guid(45096ab1344bb0d4b81df5f554a793bc) Importer(815301076,1909f56bfc062723c751e8b465ee728b)
Start importing Assets/Toon_Soldiers/ToonSoldiers_2/animation/Machinegun/machinegun_throw_grenade.FBX using Guid(45096ab1344bb0d4b81df5f554a793bc) Importer(815301076,1909f56bfc062723c751e8b465ee728b)  -> (artifact id: 'b0f7304bf59e6f80942b68aaf1784259') in 0.005807 seconds
Number of updated asset objects reloaded before import = 0
Number of asset objects unloaded after import = 49
========================================================================
Received Import Request.
  Time since last request: 0.000021 seconds.
  path: Assets/Toon_Soldiers/ToonSoldiers_2/animation/Machinegun/machinegun_death_D.FBX
  artifactKey: Guid(6a1ca735ece5ba74c8300a7f80c0aa77) Importer(815301076,1909f56bfc062723c751e8b465ee728b)
Start importing Assets/Toon_Soldiers/ToonSoldiers_2/animation/Machinegun/machinegun_death_D.FBX using Guid(6a1ca735ece5ba74c8300a7f80c0aa77) Importer(815301076,1909f56bfc062723c751e8b465ee728b)  -> (artifact id: 'd299617f4b28b9104ea05e338a920ddc') in 0.005252 seconds
Number of updated asset objects reloaded before import = 0
Number of asset objects unloaded after import = 49
========================================================================
Received Import Request.
  Time since last request: 0.000017 seconds.
  path: Assets/Toon_Soldiers/ToonSoldiers_2/animation/Machinegun/machinegun_combat_shoot_loop.FBX
  artifactKey: Guid(89977e41ed1f34a4ab88c1a6687f9404) Importer(815301076,1909f56bfc062723c751e8b465ee728b)
Start importing Assets/Toon_Soldiers/ToonSoldiers_2/animation/Machinegun/machinegun_combat_shoot_loop.FBX using Guid(89977e41ed1f34a4ab88c1a6687f9404) Importer(815301076,1909f56bfc062723c751e8b465ee728b)  -> (artifact id: 'b9ac0a5828b1e3cc9607faec6406224d') in 0.004049 seconds
Number of updated asset objects reloaded before import = 0
Number of asset objects unloaded after import = 49
========================================================================
Received Prepare
Begin MonoManager ReloadAssembly
Symbol file LoadedFromMemory doesn't match image C:\Users\Gorkem\Documents\GitHub\Erdem\player-controller\Library\PackageCache\com.unity.visualscripting@1.8.0\Editor\VisualScripting.Core\Dependencies\YamlDotNet\Unity.VisualScripting.YamlDotNet.dll
Symbol file LoadedFromMemory doesn't match image C:\Users\Gorkem\Documents\GitHub\Erdem\player-controller\Library\PackageCache\com.unity.visualscripting@1.8.0\Editor\VisualScripting.Core\Dependencies\DotNetZip\Unity.VisualScripting.IonicZip.dll
- Loaded All Assemblies, in  0.858 seconds
Refreshing native plugins compatible for Editor in 4.71 ms, found 3 plugins.
Native extension for WindowsStandalone target not found
Mono: successfully reloaded assembly
- Finished resetting the current domain, in  1.129 seconds
Domain Reload Profiling: 1981ms
	BeginReloadAssembly (176ms)
		ExecutionOrderSort (0ms)
		DisableScriptedObjects (5ms)
		BackupInstance (0ms)
		ReleaseScriptingObjects (0ms)
		CreateAndSetChildDomain (38ms)
	RebuildCommonClasses (47ms)
	RebuildNativeTypeToScriptingClass (13ms)
	initialDomainReloadingComplete (43ms)
	LoadAllAssembliesAndSetupDomain (571ms)
		LoadAssemblies (339ms)
		RebuildTransferFunctionScriptingTraits (0ms)
		AnalyzeDomain (315ms)
			TypeCache.Refresh (310ms)
				TypeCache.ScanAssembly (298ms)
			ScanForSourceGeneratedMonoScriptInfo (0ms)
			ResolveRequiredComponents (5ms)
	FinalizeReload (1130ms)
		ReleaseScriptCaches (0ms)
		RebuildScriptCaches (0ms)
		SetupLoadedEditorAssemblies (448ms)
			LogAssemblyErrors (0ms)
			InitializePlatformSupportModulesInManaged (12ms)
			SetLoadedEditorAssemblies (5ms)
			RefreshPlugins (0ms)
			BeforeProcessingInitializeOnLoad (92ms)
			ProcessInitializeOnLoadAttributes (296ms)
			ProcessInitializeOnLoadMethodAttributes (26ms)
			AfterProcessingInitializeOnLoad (17ms)
			EditorAssembliesLoaded (0ms)
		ExecutionOrderSort2 (0ms)
		AwakeInstancesAfterBackupRestoration (8ms)
Refreshing native plugins compatible for Editor in 6.03 ms, found 3 plugins.
Preloading 0 native plugins for Editor in 0.00 ms.
Unloading 3058 Unused Serialized files (Serialized files now loaded: 0)
Unloading 22 unused Assets / (30.6 KB). Loaded Objects now: 3578.
Memory consumption went from 119.8 MB to 119.8 MB.
Total: 3.746200 ms (FindLiveObjects: 0.301600 ms CreateObjectMapping: 0.085300 ms MarkObjects: 3.299800 ms  DeleteObjects: 0.058300 ms)

Prepare: number of updated asset objects reloaded= 0
AssetImportParameters requested are different than current active one (requested -> active):
  custom:container-demuxer-ogg: 62fdf1f143b41e24485cea50d1cbac27 -> 
  custom:video-decoder-ogg-theora: a1e56fd34408186e4bbccfd4996cb3dc -> 
  custom:framework-win-MediaFoundation: 216162199b28c13a410421893ffa2e32 -> 
  custom:CustomObjectIndexerAttribute: 756ad292c208cfabdd7b50bc23989ffe -> 
  custom:container-demuxer-webm: 4f35f7cbe854078d1ac9338744f61a02 -> 
  custom:container-muxer-webm: aa71ff27fc2769a1b78a27578f13a17b -> 
  custom:video-decoder-webm-vp8: 9c59270c3fd7afecdb556c50c9e8de78 -> 
  custom:AudioImporter_EditorPlatform: d09bf68614088b80899f8185d706f6e7 -> 
  custom:video-encoder-webm-vp8: eb34c28f22e8b96e1ab97ce403110664 -> 
  custom:audio-decoder-ogg-vorbis: bf7c407c2cedff20999df2af8eb42d56 -> 
  custom:audio-encoder-webm-vorbis: bf7c407c2cedff20999df2af8eb42d56 -> 
========================================================================
Received Import Request.
  Time since last request: 56.795655 seconds.
  path: Assets/Toon_Soldiers/ToonSoldiers_2/animation/RocketLauncher/rocketlauncher_combat_reload.FBX
  artifactKey: Guid(e222e803854496a4fa73510aec6d037f) Importer(815301076,1909f56bfc062723c751e8b465ee728b)
Start importing Assets/Toon_Soldiers/ToonSoldiers_2/animation/RocketLauncher/rocketlauncher_combat_reload.FBX using Guid(e222e803854496a4fa73510aec6d037f) Importer(815301076,1909f56bfc062723c751e8b465ee728b)  -> (artifact id: 'dcf2d92a10d3440eab119d2bffa8517a') in 0.031358 seconds
Number of updated asset objects reloaded before import = 0
Number of asset objects unloaded after import = 49
========================================================================
Received Import Request.
  Time since last request: 0.000020 seconds.
  path: Assets/Toon_Soldiers/ToonSoldiers_2/animation/RocketLauncher/rocketlauncher_interact_A.FBX
  artifactKey: Guid(b75a17fb810a3f946baae847a7cd1dc7) Importer(815301076,1909f56bfc062723c751e8b465ee728b)
Start importing Assets/Toon_Soldiers/ToonSoldiers_2/animation/RocketLauncher/rocketlauncher_interact_A.FBX using Guid(b75a17fb810a3f946baae847a7cd1dc7) Importer(815301076,1909f56bfc062723c751e8b465ee728b)  -> (artifact id: 'a9ef3dbb06927384b5743c6f2cbbea9d') in 0.004603 seconds
Number of updated asset objects reloaded before import = 0
Number of asset objects unloaded after import = 49
========================================================================
Received Import Request.
  Time since last request: 0.000025 seconds.
  path: Assets/Toon_Soldiers/ToonSoldiers_2/animation/RocketLauncher/rocketlauncher_combat_shoot.FBX
  artifactKey: Guid(b778f175db1f4c246b6c839179ddbc66) Importer(815301076,1909f56bfc062723c751e8b465ee728b)
Start importing Assets/Toon_Soldiers/ToonSoldiers_2/animation/RocketLauncher/rocketlauncher_combat_shoot.FBX using Guid(b778f175db1f4c246b6c839179ddbc66) Importer(815301076,1909f56bfc062723c751e8b465ee728b)  -> (artifact id: '53c592ad7d6e206984c140d7087e53ca') in 0.004287 seconds
Number of updated asset objects reloaded before import = 0
Number of asset objects unloaded after import = 49
========================================================================
Received Import Request.
  Time since last request: 0.000016 seconds.
  path: Assets/Toon_Soldiers/ToonSoldiers_2/animation/RocketLauncher/rocketlauncher_interact_B.FBX
  artifactKey: Guid(2028fe19826aff34a9602a034501a338) Importer(815301076,1909f56bfc062723c751e8b465ee728b)
Start importing Assets/Toon_Soldiers/ToonSoldiers_2/animation/RocketLauncher/rocketlauncher_interact_B.FBX using Guid(2028fe19826aff34a9602a034501a338) Importer(815301076,1909f56bfc062723c751e8b465ee728b)  -> (artifact id: '6431583c309b2d1d85cb0821023ec5db') in 0.004643 seconds
Number of updated asset objects reloaded before import = 0
Number of asset objects unloaded after import = 49
Editor requested this worker to shutdown with reason: Scaling down because of idle timeout
TcpMessagingSession - receive error: operation aborted. errorcode: 995, details: Bir iþ parçacýðý çýkýþý veya bir uygulama isteði nedeniyle G/Ç iþlemi iptal edildi.
AssetImportWorker is now disconnected from the server
Process exiting
Exiting without the bug reporter. Application will terminate with return code 0