Using pre-set license
Built from '2022.3/staging' branch; Version is '2022.3.4f1 (35713cd46cd7) revision 3502396'; Using compiler version '192829333'; Build Type 'Release'
OS: 'Windows 10  (10.0.19045) 64bit Professional' Language: 'tr' Physical Memory: 32679 MB
BatchMode: 1, IsHumanControllingUs: 0, StartBugReporterOnCrash: 0, Is64bit: 1, IsPro: 1

COMMAND LINE ARGUMENTS:
C:\Program Files\Unity\Hub\Editor\2022.3.4f1\Editor\Unity.exe
-adb2
-batchMode
-noUpm
-name
AssetImportWorker2
-projectPath
C:/Users/Gorkem/Documents/GitHub/Erdem/player-controller
-logFile
Logs/AssetImportWorker2.log
-srvPort
60239
Successfully changed project path to: C:/Users/Gorkem/Documents/GitHub/Erdem/player-controller
C:/Users/Gorkem/Documents/GitHub/Erdem/player-controller
[UnityMemory] Configuration Parameters - Can be set up in boot.config
    "memorysetup-bucket-allocator-granularity=16"
    "memorysetup-bucket-allocator-bucket-count=8"
    "memorysetup-bucket-allocator-block-size=33554432"
    "memorysetup-bucket-allocator-block-count=8"
    "memorysetup-main-allocator-block-size=16777216"
    "memorysetup-thread-allocator-block-size=16777216"
    "memorysetup-gfx-main-allocator-block-size=16777216"
    "memorysetup-gfx-thread-allocator-block-size=16777216"
    "memorysetup-cache-allocator-block-size=4194304"
    "memorysetup-typetree-allocator-block-size=2097152"
    "memorysetup-profiler-bucket-allocator-granularity=16"
    "memorysetup-profiler-bucket-allocator-bucket-count=8"
    "memorysetup-profiler-bucket-allocator-block-size=33554432"
    "memorysetup-profiler-bucket-allocator-block-count=8"
    "memorysetup-profiler-allocator-block-size=16777216"
    "memorysetup-profiler-editor-allocator-block-size=1048576"
    "memorysetup-temp-allocator-size-main=16777216"
    "memorysetup-job-temp-allocator-block-size=2097152"
    "memorysetup-job-temp-allocator-block-size-background=1048576"
    "memorysetup-job-temp-allocator-reduction-small-platforms=262144"
    "memorysetup-allocator-temp-initial-block-size-main=262144"
    "memorysetup-allocator-temp-initial-block-size-worker=262144"
    "memorysetup-temp-allocator-size-background-worker=32768"
    "memorysetup-temp-allocator-size-job-worker=262144"
    "memorysetup-temp-allocator-size-preload-manager=33554432"
    "memorysetup-temp-allocator-size-nav-mesh-worker=65536"
    "memorysetup-temp-allocator-size-audio-worker=65536"
    "memorysetup-temp-allocator-size-cloud-worker=32768"
    "memorysetup-temp-allocator-size-gi-baking-worker=262144"
    "memorysetup-temp-allocator-size-gfx=262144"
Player connection [3508] Host "[IP] 192.168.1.34 [Port] 0 [Flags] 2 [Guid] 4162176942 [EditorId] 4162176942 [Version] 1048832 [Id] WindowsEditor(7,DESKTOP-BTF5PK5) [Debug] 1 [PackageName] WindowsEditor [ProjectName] Editor" joined multi-casting on [225.0.0.222:54997]...

Player connection [3508] Host "[IP] 192.168.1.34 [Port] 0 [Flags] 2 [Guid] 4162176942 [EditorId] 4162176942 [Version] 1048832 [Id] WindowsEditor(7,DESKTOP-BTF5PK5) [Debug] 1 [PackageName] WindowsEditor [ProjectName] Editor" joined alternative multi-casting on [225.0.0.222:34997]...

Refreshing native plugins compatible for Editor in 13.56 ms, found 3 plugins.
Preloading 0 native plugins for Editor in 0.00 ms.
Initialize engine version: 2022.3.4f1 (35713cd46cd7)
[Subsystems] Discovering subsystems at path C:/Program Files/Unity/Hub/Editor/2022.3.4f1/Editor/Data/Resources/UnitySubsystems
[Subsystems] Discovering subsystems at path C:/Users/Gorkem/Documents/GitHub/Erdem/player-controller/Assets
GfxDevice: creating device client; threaded=0; jobified=0
Direct3D:
    Version:  Direct3D 11.0 [level 11.1]
    Renderer: NVIDIA GeForce RTX 2060 (ID=0x1f08)
    Vendor:   NVIDIA
    VRAM:     5968 MB
    Driver:   31.0.15.3713
Initialize mono
Mono path[0] = 'C:/Program Files/Unity/Hub/Editor/2022.3.4f1/Editor/Data/Managed'
Mono path[1] = 'C:/Program Files/Unity/Hub/Editor/2022.3.4f1/Editor/Data/MonoBleedingEdge/lib/mono/unityjit-win32'
Mono config path = 'C:/Program Files/Unity/Hub/Editor/2022.3.4f1/Editor/Data/MonoBleedingEdge/etc'
Using monoOptions --debugger-agent=transport=dt_socket,embedding=1,server=y,suspend=n,address=127.0.0.1:56856
Begin MonoManager ReloadAssembly
Registering precompiled unity dll's ...
Register platform support module: C:/Program Files/Unity/Hub/Editor/2022.3.4f1/Editor/Data/PlaybackEngines/WindowsStandaloneSupport/UnityEditor.WindowsStandalone.Extensions.dll
Registered in 0.013262 seconds.
- Loaded All Assemblies, in  0.409 seconds
Native extension for WindowsStandalone target not found
Mono: successfully reloaded assembly
- Finished resetting the current domain, in  0.303 seconds
Domain Reload Profiling: 709ms
	BeginReloadAssembly (111ms)
		ExecutionOrderSort (0ms)
		DisableScriptedObjects (0ms)
		BackupInstance (0ms)
		ReleaseScriptingObjects (0ms)
		CreateAndSetChildDomain (1ms)
	RebuildCommonClasses (43ms)
	RebuildNativeTypeToScriptingClass (13ms)
	initialDomainReloadingComplete (80ms)
	LoadAllAssembliesAndSetupDomain (160ms)
		LoadAssemblies (106ms)
		RebuildTransferFunctionScriptingTraits (0ms)
		AnalyzeDomain (151ms)
			TypeCache.Refresh (150ms)
				TypeCache.ScanAssembly (137ms)
			ScanForSourceGeneratedMonoScriptInfo (0ms)
			ResolveRequiredComponents (1ms)
	FinalizeReload (304ms)
		ReleaseScriptCaches (0ms)
		RebuildScriptCaches (0ms)
		SetupLoadedEditorAssemblies (239ms)
			LogAssemblyErrors (0ms)
			InitializePlatformSupportModulesInManaged (12ms)
			SetLoadedEditorAssemblies (8ms)
			RefreshPlugins (0ms)
			BeforeProcessingInitializeOnLoad (2ms)
			ProcessInitializeOnLoadAttributes (159ms)
			ProcessInitializeOnLoadMethodAttributes (57ms)
			AfterProcessingInitializeOnLoad (0ms)
			EditorAssembliesLoaded (0ms)
		ExecutionOrderSort2 (0ms)
		AwakeInstancesAfterBackupRestoration (0ms)
========================================================================
Worker process is ready to serve import requests
Begin MonoManager ReloadAssembly
Symbol file LoadedFromMemory doesn't match image C:\Users\Gorkem\Documents\GitHub\Erdem\player-controller\Library\PackageCache\com.unity.visualscripting@1.8.0\Editor\VisualScripting.Core\Dependencies\YamlDotNet\Unity.VisualScripting.YamlDotNet.dll
Symbol file LoadedFromMemory doesn't match image C:\Users\Gorkem\Documents\GitHub\Erdem\player-controller\Library\PackageCache\com.unity.visualscripting@1.8.0\Editor\VisualScripting.Core\Dependencies\DotNetZip\Unity.VisualScripting.IonicZip.dll
- Loaded All Assemblies, in  0.833 seconds
Refreshing native plugins compatible for Editor in 4.45 ms, found 3 plugins.
Native extension for WindowsStandalone target not found
Mono: successfully reloaded assembly
- Finished resetting the current domain, in  0.604 seconds
Domain Reload Profiling: 1433ms
	BeginReloadAssembly (159ms)
		ExecutionOrderSort (0ms)
		DisableScriptedObjects (7ms)
		BackupInstance (0ms)
		ReleaseScriptingObjects (0ms)
		CreateAndSetChildDomain (20ms)
	RebuildCommonClasses (42ms)
	RebuildNativeTypeToScriptingClass (13ms)
	initialDomainReloadingComplete (56ms)
	LoadAllAssembliesAndSetupDomain (558ms)
		LoadAssemblies (303ms)
		RebuildTransferFunctionScriptingTraits (0ms)
		AnalyzeDomain (333ms)
			TypeCache.Refresh (302ms)
				TypeCache.ScanAssembly (290ms)
			ScanForSourceGeneratedMonoScriptInfo (21ms)
			ResolveRequiredComponents (10ms)
	FinalizeReload (605ms)
		ReleaseScriptCaches (0ms)
		RebuildScriptCaches (0ms)
		SetupLoadedEditorAssemblies (419ms)
			LogAssemblyErrors (0ms)
			InitializePlatformSupportModulesInManaged (9ms)
			SetLoadedEditorAssemblies (5ms)
			RefreshPlugins (0ms)
			BeforeProcessingInitializeOnLoad (72ms)
			ProcessInitializeOnLoadAttributes (299ms)
			ProcessInitializeOnLoadMethodAttributes (23ms)
			AfterProcessingInitializeOnLoad (12ms)
			EditorAssembliesLoaded (0ms)
		ExecutionOrderSort2 (0ms)
		AwakeInstancesAfterBackupRestoration (7ms)
Launched and connected shader compiler UnityShaderCompiler.exe after 0.05 seconds
Refreshing native plugins compatible for Editor in 4.46 ms, found 3 plugins.
Preloading 0 native plugins for Editor in 0.00 ms.
Unloading 3074 Unused Serialized files (Serialized files now loaded: 0)
Unloading 31 unused Assets / (56.6 KB). Loaded Objects now: 3539.
Memory consumption went from 116.0 MB to 115.9 MB.
Total: 3.385300 ms (FindLiveObjects: 0.284600 ms CreateObjectMapping: 0.080700 ms MarkObjects: 2.896400 ms  DeleteObjects: 0.122500 ms)

AssetImportParameters requested are different than current active one (requested -> active):
  custom:container-demuxer-ogg: 62fdf1f143b41e24485cea50d1cbac27 -> 
  custom:video-decoder-ogg-theora: a1e56fd34408186e4bbccfd4996cb3dc -> 
  custom:framework-win-MediaFoundation: 216162199b28c13a410421893ffa2e32 -> 
  custom:scripting/monoscript/fileName/PlayerController.cs: 5b090d859ab09be631dc3b0f203f9571 -> d93a52a180fbbe603a59e9aa6da73c83
  custom:CustomObjectIndexerAttribute: 756ad292c208cfabdd7b50bc23989ffe -> 
  custom:container-demuxer-webm: 4f35f7cbe854078d1ac9338744f61a02 -> 
  custom:container-muxer-webm: aa71ff27fc2769a1b78a27578f13a17b -> 
  custom:video-decoder-webm-vp8: 9c59270c3fd7afecdb556c50c9e8de78 -> 
  custom:AudioImporter_EditorPlatform: d09bf68614088b80899f8185d706f6e7 -> 
  custom:video-encoder-webm-vp8: eb34c28f22e8b96e1ab97ce403110664 -> 
  custom:audio-decoder-ogg-vorbis: bf7c407c2cedff20999df2af8eb42d56 -> 
  custom:scripting/monoscript/fileName/Grenade.cs: 7b7c416ca41b3fcb017e514f1b4cf81c -> 
  custom:audio-encoder-webm-vorbis: bf7c407c2cedff20999df2af8eb42d56 -> 
========================================================================
Received Import Request.
  Time since last request: 168777.429733 seconds.
  path: Assets/Scripts/PlayerController.cs
  artifactKey: Guid(93b15a96723ea9947a926acade3910ba) Importer(815301076,1909f56bfc062723c751e8b465ee728b)
Start importing Assets/Scripts/PlayerController.cs using Guid(93b15a96723ea9947a926acade3910ba) Importer(815301076,1909f56bfc062723c751e8b465ee728b)  -> (artifact id: 'd622fcaba1d09c1c3fdd586c0830b94b') in 0.002546 seconds
Number of updated asset objects reloaded before import = 0
Number of asset objects unloaded after import = 0
========================================================================
Received Import Request.
  Time since last request: 7.560569 seconds.
  path: Assets/Basic Shooter Pack/firing rifle.fbx
  artifactKey: Guid(5f83b903c4109d44ea8bd30f34ff2e24) Importer(815301076,1909f56bfc062723c751e8b465ee728b)
Start importing Assets/Basic Shooter Pack/firing rifle.fbx using Guid(5f83b903c4109d44ea8bd30f34ff2e24) Importer(815301076,1909f56bfc062723c751e8b465ee728b)  -> (artifact id: '5d12c766c58733f9f23e49978bd39d5a') in 0.030485 seconds
Number of updated asset objects reloaded before import = 0
Number of asset objects unloaded after import = 143
========================================================================
Received Import Request.
  Time since last request: 0.004311 seconds.
  path: Assets/Basic Shooter Pack/rifle run.fbx
  artifactKey: Guid(3132335af190cda49b722b918e63d5e0) Importer(815301076,1909f56bfc062723c751e8b465ee728b)
Start importing Assets/Basic Shooter Pack/rifle run.fbx using Guid(3132335af190cda49b722b918e63d5e0) Importer(815301076,1909f56bfc062723c751e8b465ee728b)  -> (artifact id: 'f4a55a275b94ae5702a2a9ecfb740118') in 0.005505 seconds
Number of updated asset objects reloaded before import = 0
Number of asset objects unloaded after import = 143
========================================================================
Received Import Request.
  Time since last request: 0.000811 seconds.
  path: Assets/Basic Shooter Pack/run backwards.fbx
  artifactKey: Guid(9dbba19db4836a744906a80f52163fa1) Importer(815301076,1909f56bfc062723c751e8b465ee728b)
Start importing Assets/Basic Shooter Pack/run backwards.fbx using Guid(9dbba19db4836a744906a80f52163fa1) Importer(815301076,1909f56bfc062723c751e8b465ee728b)  -> (artifact id: 'c4dcc569ae9a2072759f8dd5314ef535') in 0.005378 seconds
Number of updated asset objects reloaded before import = 0
Number of asset objects unloaded after import = 143
========================================================================
Received Import Request.
  Time since last request: 0.000774 seconds.
  path: Assets/Basic Shooter Pack/strafe.fbx
  artifactKey: Guid(603ed802a66237f4d97399be7321476f) Importer(815301076,1909f56bfc062723c751e8b465ee728b)
Start importing Assets/Basic Shooter Pack/strafe.fbx using Guid(603ed802a66237f4d97399be7321476f) Importer(815301076,1909f56bfc062723c751e8b465ee728b)  -> (artifact id: 'c926f19e3f68f7b5767fb07be5242006') in 0.005319 seconds
Number of updated asset objects reloaded before import = 0
Number of asset objects unloaded after import = 143
========================================================================
Received Import Request.
  Time since last request: 0.000848 seconds.
  path: Assets/Basic Shooter Pack/strafe (2).fbx
  artifactKey: Guid(a81c74f5e9f9de9468b3f5986b3cf421) Importer(815301076,1909f56bfc062723c751e8b465ee728b)
Start importing Assets/Basic Shooter Pack/strafe (2).fbx using Guid(a81c74f5e9f9de9468b3f5986b3cf421) Importer(815301076,1909f56bfc062723c751e8b465ee728b)  -> (artifact id: '524fecd3c78af84bcd9fd95ec872eb0d') in 0.005512 seconds
Number of updated asset objects reloaded before import = 0
Number of asset objects unloaded after import = 143
========================================================================
Received Import Request.
  Time since last request: 0.001236 seconds.
  path: Assets/Basic Shooter Pack/strafe left.fbx
  artifactKey: Guid(32216446907861a4fb5e3217688b3b33) Importer(815301076,1909f56bfc062723c751e8b465ee728b)
Start importing Assets/Basic Shooter Pack/strafe left.fbx using Guid(32216446907861a4fb5e3217688b3b33) Importer(815301076,1909f56bfc062723c751e8b465ee728b)  -> (artifact id: '19ba34e2b3563abae58cc2f968a18fa8') in 0.005363 seconds
Number of updated asset objects reloaded before import = 0
Number of asset objects unloaded after import = 143
========================================================================
Received Import Request.
  Time since last request: 0.000707 seconds.
  path: Assets/Basic Shooter Pack/strafe right.fbx
  artifactKey: Guid(9026483d1c409274a896de655e32dd58) Importer(815301076,1909f56bfc062723c751e8b465ee728b)
Start importing Assets/Basic Shooter Pack/strafe right.fbx using Guid(9026483d1c409274a896de655e32dd58) Importer(815301076,1909f56bfc062723c751e8b465ee728b)  -> (artifact id: '9fa707884400ca628a98d5acc4da785b') in 0.005435 seconds
Number of updated asset objects reloaded before import = 0
Number of asset objects unloaded after import = 143
========================================================================
Received Import Request.
  Time since last request: 0.001007 seconds.
  path: Assets/Basic Shooter Pack/toss grenade.fbx
  artifactKey: Guid(0d781dcf350c2264488ce3a4076d6e30) Importer(815301076,1909f56bfc062723c751e8b465ee728b)
Start importing Assets/Basic Shooter Pack/toss grenade.fbx using Guid(0d781dcf350c2264488ce3a4076d6e30) Importer(815301076,1909f56bfc062723c751e8b465ee728b)  -> (artifact id: 'f4169eb3b2f1cbc7eef5c0fb7863f0cf') in 0.006671 seconds
Number of updated asset objects reloaded before import = 0
Number of asset objects unloaded after import = 143
========================================================================
Received Import Request.
  Time since last request: 0.006332 seconds.
  path: Assets/Basic Shooter Pack/turning right 45 degrees.fbx
  artifactKey: Guid(018c2180348d591438f1e39e5806aedd) Importer(815301076,1909f56bfc062723c751e8b465ee728b)
Start importing Assets/Basic Shooter Pack/turning right 45 degrees.fbx using Guid(018c2180348d591438f1e39e5806aedd) Importer(815301076,1909f56bfc062723c751e8b465ee728b)  -> (artifact id: '8fa353d06dc54c2b9552de59380c01d8') in 0.005056 seconds
Number of updated asset objects reloaded before import = 0
Number of asset objects unloaded after import = 143
========================================================================
Received Import Request.
  Time since last request: 0.001021 seconds.
  path: Assets/Basic Shooter Pack/walking.fbx
  artifactKey: Guid(280064f6cd4895f4c89d412bfa88bff7) Importer(815301076,1909f56bfc062723c751e8b465ee728b)
Start importing Assets/Basic Shooter Pack/walking.fbx using Guid(280064f6cd4895f4c89d412bfa88bff7) Importer(815301076,1909f56bfc062723c751e8b465ee728b)  -> (artifact id: '46873e22ecc5f7506f885a5418f8ac5b') in 0.005580 seconds
Number of updated asset objects reloaded before import = 0
Number of asset objects unloaded after import = 143
========================================================================
Received Import Request.
  Time since last request: 0.000842 seconds.
  path: Assets/Basic Shooter Pack/walking backwards.fbx
  artifactKey: Guid(039c37bc325416345906ed972d0cd64a) Importer(815301076,1909f56bfc062723c751e8b465ee728b)
Start importing Assets/Basic Shooter Pack/walking backwards.fbx using Guid(039c37bc325416345906ed972d0cd64a) Importer(815301076,1909f56bfc062723c751e8b465ee728b)  -> (artifact id: '2d44dfab54ebba52064b0f838f8ebb34') in 0.005309 seconds
Number of updated asset objects reloaded before import = 0
Number of asset objects unloaded after import = 143
